<?xml version="1.0" encoding="UTF-8"?>
<!-- Generated by org.testng.reporters.JUnitXMLReporter -->
<testsuite ignored="3" hostname="Shraddha" failures="1" tests="1" name="Grouping Test" time="3.478" errors="0" timestamp="2023-12-11T15:33:01 GMT">
  <testcase classname="com.nopcommerce.demo.tesusuite.LoginPageTest" name="verifyUserShouldNavigateToLoginPage" time="0.004">
    <failure type="java.lang.NullPointerException" message="Cannot invoke &amp;quot;com.nopcommerce.demo.pages.HomePage.clickOnLoginLink()&amp;quot; because &amp;quot;this.homePage&amp;quot; is null">
      <![CDATA[java.lang.NullPointerException: Cannot invoke "com.nopcommerce.demo.pages.HomePage.clickOnLoginLink()" because "this.homePage" is null
at com.nopcommerce.demo.tesusuite.LoginPageTest.verifyUserShouldNavigateToLoginPage(LoginPageTest.java:25)
at java.base/java.util.ArrayList.forEach(ArrayList.java:1511)
at com.intellij.rt.testng.IDEARemoteTestNG.run(IDEARemoteTestNG.java:66)
at com.intellij.rt.testng.RemoteTestNGStarter.main(RemoteTestNGStarter.java:105)
... Removed 24 stack frames]]>
    </failure>
  </testcase> <!-- verifyUserShouldNavigateToLoginPage -->
  <testcase classname="com.nopcommerce.demo.tesusuite.LoginPageTest" name="verifyErrorMessageWithInvalidCredentials" time="0.0">
    <ignored/>
  </testcase> <!-- verifyErrorMessageWithInvalidCredentials -->
  <testcase classname="com.nopcommerce.demo.tesusuite.LoginPageTest" name="verifyThatUserShouldLogOutSuccessFully" time="0.0">
    <ignored/>
  </testcase> <!-- verifyThatUserShouldLogOutSuccessFully -->
  <testcase classname="com.nopcommerce.demo.tesusuite.LoginPageTest" name="verifyThatUserShouldLogInSuccessFullyWithValidCredentials" time="0.0">
    <ignored/>
  </testcase> <!-- verifyThatUserShouldLogInSuccessFullyWithValidCredentials -->
</testsuite> <!-- Grouping Test -->
